<?xml version="1.0" encoding="UTF-8"?>
<!-- Generated by org.testng.reporters.JUnitReportReporter -->
<testsuite hostname="DESKTOP-RQ6NMQQ" failures="0" tests="2" name="com.qa.opencart.testcases.HomePageTestCase" time="0.827" errors="0" timestamp="2024-12-02T13:28:09 IST" skipped="0">
  <testcase classname="com.qa.opencart.testcases.HomePageTestCase" name="homePageTitle" time="0.039"/>
  <testcase classname="com.qa.opencart.testcases.HomePageTestCase" name="searchTest" time="0.788"/>
</testsuite> <!-- com.qa.opencart.testcases.HomePageTestCase -->
