<?xml version="1.0" encoding="UTF-8"?>
<!-- Generated by org.testng.reporters.JUnitReportReporter -->
<testsuite hostname="DESKTOP-RQ6NMQQ" failures="0" tests="3" name="com.qa.opencart.testcases.LoginPageTestCase" time="1.736" errors="0" timestamp="2024-12-03T12:12:39 IST" skipped="0">
  <testcase classname="com.qa.opencart.testcases.LoginPageTestCase" name="loginPageNavigationTest" time="1.205"/>
  <testcase classname="com.qa.opencart.testcases.LoginPageTestCase" name="ValidateForgotPwdLink" time="0.041"/>
  <testcase classname="com.qa.opencart.testcases.LoginPageTestCase" name="validateLogin" time="0.490"/>
</testsuite> <!-- com.qa.opencart.testcases.LoginPageTestCase -->
