<?xml version="1.0" encoding="UTF-8"?>
<!-- Generated by org.testng.reporters.JUnitReportReporter -->
<testsuite hostname="DESKTOP-RQ6NMQQ" failures="0" tests="3" name="com.qa.opencart.testcases.LoginPageTestCase" time="2.207" errors="0" timestamp="2024-12-03T14:17:54 IST" skipped="0">
  <testcase classname="com.qa.opencart.testcases.LoginPageTestCase" name="loginPageNavigationTest" time="0.987"/>
  <testcase classname="com.qa.opencart.testcases.LoginPageTestCase" name="ValidateForgotPwdLink" time="0.045"/>
  <testcase classname="com.qa.opencart.testcases.LoginPageTestCase" name="validateLogin" time="1.175"/>
</testsuite> <!-- com.qa.opencart.testcases.LoginPageTestCase -->
