<?xml version="1.0" encoding="UTF-8"?>
<!-- Generated by org.testng.reporters.JUnitReportReporter -->
<testsuite hostname="DESKTOP-RQ6NMQQ" failures="0" tests="3" name="com.qa.opencart.testcases.LoginPageTestCase" time="1.106" errors="0" timestamp="2024-12-02T14:21:19 IST" skipped="0">
  <testcase classname="com.qa.opencart.testcases.LoginPageTestCase" name="loginPageNavigationTest" time="0.652"/>
  <testcase classname="com.qa.opencart.testcases.LoginPageTestCase" name="ValidateForgotPwdLink" time="0.076"/>
  <testcase classname="com.qa.opencart.testcases.LoginPageTestCase" name="validateLogin" time="0.378"/>
</testsuite> <!-- com.qa.opencart.testcases.LoginPageTestCase -->
